# JRE version: OpenJDK Runtime Environment (8.0_152-b01) (build 1.8.0_152-release-915-b01)
# Java VM: OpenJDK 64-Bit Server VM (25.152-b01 mixed mode linux-amd64 compressed oops)
Heap:
 PSYoungGen      total 250368K, used 6538K [0x00000000e0000000, 0x00000000f0d00000, 0x0000000100000000)
  eden space 225280K, 0% used [0x00000000e0000000,0x00000000e0000000,0x00000000edc00000)
  from space 25088K, 26% used [0x00000000edc00000,0x00000000ee262918,0x00000000ef480000)
  to   space 17408K, 0% used [0x00000000efc00000,0x00000000efc00000,0x00000000f0d00000)
 ParOldGen       total 109056K, used 35048K [0x00000000a0000000, 0x00000000a6a80000, 0x00000000e0000000)
  object space 109056K, 32% used [0x00000000a0000000,0x00000000a223a3d8,0x00000000a6a80000)
 Metaspace       used 61997K, capacity 64758K, committed 64856K, reserved 1105920K
  class space    used 8181K, capacity 8786K, committed 8832K, reserved 1048576K
GC Heap History (10 events):
Event: 17,586 GC heap after
Heap after GC invocations=16 (full 3):
 PSYoungGen      total 181760K, used 2402K [0x00000000e0000000, 0x00000000efe00000, 0x0000000100000000)
  eden space 164352K, 0% used [0x00000000e0000000,0x00000000e0000000,0x00000000ea080000)
  from space 17408K, 13% used [0x00000000ea080000,0x00000000ea2d89e0,0x00000000eb180000)
  to   space 28160K, 0% used [0x00000000ee280000,0x00000000ee280000,0x00000000efe00000)
 ParOldGen       total 107520K, used 50567K [0x00000000a0000000, 0x00000000a6900000, 0x00000000e0000000)
  object space 107520K, 47% used [0x00000000a0000000,0x00000000a3161fe8,0x00000000a6900000)
 Metaspace       used 55318K, capacity 56974K, committed 57048K, reserved 1097728K
  class space    used 7464K, capacity 7896K, committed 7936K, reserved 1048576K
}
Event: 19,491 GC heap before
{Heap before GC invocations=17 (full 3):
 PSYoungGen      total 181760K, used 166754K [0x00000000e0000000, 0x00000000efe00000, 0x0000000100000000)
  eden space 164352K, 100% used [0x00000000e0000000,0x00000000ea080000,0x00000000ea080000)
  from space 17408K, 13% used [0x00000000ea080000,0x00000000ea2d89e0,0x00000000eb180000)
  to   space 28160K, 0% used [0x00000000ee280000,0x00000000ee280000,0x00000000efe00000)
 ParOldGen       total 107520K, used 50600K [0x00000000a0000000, 0x00000000a6900000, 0x00000000e0000000)
  object space 107520K, 47% used [0x00000000a0000000,0x00000000a316a1e0,0x00000000a6900000)
 Metaspace       used 57154K, capacity 59270K, committed 59480K, reserved 1099776K
  class space    used 7721K, capacity 8226K, committed 8320K, reserved 1048576K
Event: 19,512 GC heap after
Heap after GC invocations=17 (full 3):
 PSYoungGen      total 216576K, used 10772K [0x00000000e0000000, 0x00000000ef480000, 0x0000000100000000)
  eden space 198144K, 0% used [0x00000000e0000000,0x00000000e0000000,0x00000000ec180000)
  from space 18432K, 58% used [0x00000000ee280000,0x00000000eed05068,0x00000000ef480000)
  to   space 26112K, 0% used [0x00000000ec180000,0x00000000ec180000,0x00000000edb00000)
 ParOldGen       total 107520K, used 52008K [0x00000000a0000000, 0x00000000a6900000, 0x00000000e0000000)
  object space 107520K, 48% used [0x00000000a0000000,0x00000000a32ca1e0,0x00000000a6900000)
 Metaspace       used 57154K, capacity 59270K, committed 59480K, reserved 1099776K
  class space    used 7721K, capacity 8226K, committed 8320K, reserved 1048576K
}
Event: 19,817 GC heap before
{Heap before GC invocations=18 (full 4):
 PSYoungGen      total 216576K, used 208849K [0x00000000e0000000, 0x00000000ef480000, 0x0000000100000000)
  eden space 198144K, 99% used [0x00000000e0000000,0x00000000ec16f588,0x00000000ec180000)
  from space 18432K, 58% used [0x00000000ee280000,0x00000000eed05068,0x00000000ef480000)
  to   space 26112K, 0% used [0x00000000ec180000,0x00000000ec180000,0x00000000edb00000)
 ParOldGen       total 116736K, used 116521K [0x00000000a0000000, 0x00000000a7200000, 0x00000000e0000000)
  object space 116736K, 99% used [0x00000000a0000000,0x00000000a71ca5d0,0x00000000a7200000)
 Metaspace       used 57415K, capacity 59514K, committed 59736K, reserved 1101824K
  class space    used 7758K, capacity 8236K, committed 8320K, reserved 1048576K
Event: 19,958 GC heap after
Heap after GC invocations=18 (full 4):
 PSYoungGen      total 216576K, used 0K [0x00000000e0000000, 0x00000000ef480000, 0x0000000100000000)
  eden space 198144K, 0% used [0x00000000e0000000,0x00000000e0000000,0x00000000ec180000)
  from space 18432K, 0% used [0x00000000ee280000,0x00000000ee280000,0x00000000ef480000)
  to   space 26112K, 0% used [0x00000000ec180000,0x00000000ec180000,0x00000000edb00000)
 ParOldGen       total 109056K, used 35032K [0x00000000a0000000, 0x00000000a6a80000, 0x00000000e0000000)
  object space 109056K, 32% used [0x00000000a0000000,0x00000000a22363d8,0x00000000a6a80000)
 Metaspace       used 57411K, capacity 59502K, committed 59736K, reserved 1101824K
  class space    used 7757K, capacity 8234K, committed 8320K, reserved 1048576K
}
Event: 19,991 GC heap before
{Heap before GC invocations=19 (full 4):
 PSYoungGen      total 216576K, used 197487K [0x00000000e0000000, 0x00000000ef480000, 0x0000000100000000)
  eden space 198144K, 99% used [0x00000000e0000000,0x00000000ec0dbeb0,0x00000000ec180000)
  from space 18432K, 0% used [0x00000000ee280000,0x00000000ee280000,0x00000000ef480000)
  to   space 26112K, 0% used [0x00000000ec180000,0x00000000ec180000,0x00000000edb00000)
 ParOldGen       total 109056K, used 35032K [0x00000000a0000000, 0x00000000a6a80000, 0x00000000e0000000)
  object space 109056K, 32% used [0x00000000a0000000,0x00000000a22363d8,0x00000000a6a80000)
 Metaspace       used 57417K, capacity 59566K, committed 59736K, reserved 1101824K
  class space    used 7757K, capacity 8234K, committed 8320K, reserved 1048576K
Event: 19,994 GC heap after
Heap after GC invocations=19 (full 4):
 PSYoungGen      total 224256K, used 96K [0x00000000e0000000, 0x00000000f1600000, 0x0000000100000000)
  eden space 198144K, 0% used [0x00000000e0000000,0x00000000e0000000,0x00000000ec180000)
  from space 26112K, 0% used [0x00000000ec180000,0x00000000ec198000,0x00000000edb00000)
  to   space 26624K, 0% used [0x00000000efc00000,0x00000000efc00000,0x00000000f1600000)
 ParOldGen       total 109056K, used 35032K [0x00000000a0000000, 0x00000000a6a80000, 0x00000000e0000000)
  object space 109056K, 32% used [0x00000000a0000000,0x00000000a22363d8,0x00000000a6a80000)
 Metaspace       used 57417K, capacity 59566K, committed 59736K, reserved 1101824K
  class space    used 7757K, capacity 8234K, committed 8320K, reserved 1048576K
}
Event: 57,154 GC heap before
{Heap before GC invocations=20 (full 4):
 PSYoungGen      total 224256K, used 197377K [0x00000000e0000000, 0x00000000f1600000, 0x0000000100000000)
  eden space 198144K, 99% used [0x00000000e0000000,0x00000000ec0a8478,0x00000000ec180000)
  from space 26112K, 0% used [0x00000000ec180000,0x00000000ec198000,0x00000000edb00000)
  to   space 26624K, 0% used [0x00000000efc00000,0x00000000efc00000,0x00000000f1600000)
 ParOldGen       total 109056K, used 35032K [0x00000000a0000000, 0x00000000a6a80000, 0x00000000e0000000)
  object space 109056K, 32% used [0x00000000a0000000,0x00000000a22363d8,0x00000000a6a80000)
 Metaspace       used 61997K, capacity 64758K, committed 64856K, reserved 1105920K
  class space    used 8181K, capacity 8786K, committed 8832K, reserved 1048576K
Event: 57,209 GC heap after
Heap after GC invocations=20 (full 4):
 PSYoungGen      total 242688K, used 9685K [0x00000000e0000000, 0x00000000f0d00000, 0x0000000100000000)
  eden space 225280K, 0% used [0x00000000e0000000,0x00000000e0000000,0x00000000edc00000)
  from space 17408K, 55% used [0x00000000efc00000,0x00000000f05754d8,0x00000000f0d00000)
  to   space 25088K, 0% used [0x00000000edc00000,0x00000000edc00000,0x00000000ef480000)
 ParOldGen       total 109056K, used 35040K [0x00000000a0000000, 0x00000000a6a80000, 0x00000000e0000000)
  object space 109056K, 32% used [0x00000000a0000000,0x00000000a22383d8,0x00000000a6a80000)
 Metaspace       used 61997K, capacity 64758K, committed 64856K, reserved 1105920K
  class space    used 8181K, capacity 8786K, committed 8832K, reserved 1048576K
}
Event: 57,352 GC heap before
{Heap before GC invocations=21 (full 4):
 PSYoungGen      total 242688K, used 234162K [0x00000000e0000000, 0x00000000f0d00000, 0x0000000100000000)
  eden space 225280K, 99% used [0x00000000e0000000,0x00000000edb376d0,0x00000000edc00000)
  from space 17408K, 55% used [0x00000000efc00000,0x00000000f05754d8,0x00000000f0d00000)
  to   space 25088K, 0% used [0x00000000edc00000,0x00000000edc00000,0x00000000ef480000)
 ParOldGen       total 109056K, used 35040K [0x00000000a0000000, 0x00000000a6a80000, 0x00000000e0000000)
  object space 109056K, 32% used [0x00000000a0000000,0x00000000a22383d8,0x00000000a6a80000)
 Metaspace       used 61997K, capacity 64758K, committed 64856K, reserved 1105920K
  class space    used 8181K, capacity 8786K, committed 8832K, reserved 1048576K

