# JRE version: OpenJDK Runtime Environment (8.0_152-b01) (build 1.8.0_152-release-915-b01)
# Java VM: OpenJDK 64-Bit Server VM (25.152-b01 mixed mode linux-amd64 compressed oops)
Heap:
 PSYoungGen      total 264192K, used 25057K [0x00000000e0000000, 0x00000000f1a80000, 0x0000000100000000)
  eden space 239104K, 0% used [0x00000000e0000000,0x00000000e0000000,0x00000000ee980000)
  from space 25088K, 99% used [0x00000000ee980000,0x00000000f01f8430,0x00000000f0200000)
  to   space 23552K, 0% used [0x00000000f0280000,0x00000000f0280000,0x00000000f1980000)
 ParOldGen       total 105984K, used 68469K [0x00000000a0000000, 0x00000000a6780000, 0x00000000e0000000)
  object space 105984K, 64% used [0x00000000a0000000,0x00000000a42dd6f0,0x00000000a6780000)
 Metaspace       used 78995K, capacity 82684K, committed 83032K, reserved 1122304K
  class space    used 10125K, capacity 11020K, committed 11136K, reserved 1048576K
GC Heap History (10 events):
Event: 37,430 GC heap after
Heap after GC invocations=15 (full 3):
 PSYoungGen      total 187904K, used 11720K [0x00000000e0000000, 0x00000000edc80000, 0x0000000100000000)
  eden space 175616K, 0% used [0x00000000e0000000,0x00000000e0000000,0x00000000eab80000)
  from space 12288K, 95% used [0x00000000ed080000,0x00000000edbf20c8,0x00000000edc80000)
  to   space 25088K, 0% used [0x00000000eab80000,0x00000000eab80000,0x00000000ec400000)
 ParOldGen       total 105984K, used 44979K [0x00000000a0000000, 0x00000000a6780000, 0x00000000e0000000)
  object space 105984K, 42% used [0x00000000a0000000,0x00000000a2becef8,0x00000000a6780000)
 Metaspace       used 63020K, capacity 65810K, committed 65880K, reserved 1105920K
  class space    used 8392K, capacity 9061K, committed 9088K, reserved 1048576K
}
Event: 45,195 GC heap before
{Heap before GC invocations=16 (full 3):
 PSYoungGen      total 187904K, used 187336K [0x00000000e0000000, 0x00000000edc80000, 0x0000000100000000)
  eden space 175616K, 100% used [0x00000000e0000000,0x00000000eab80000,0x00000000eab80000)
  from space 12288K, 95% used [0x00000000ed080000,0x00000000edbf20c8,0x00000000edc80000)
  to   space 25088K, 0% used [0x00000000eab80000,0x00000000eab80000,0x00000000ec400000)
 ParOldGen       total 105984K, used 44979K [0x00000000a0000000, 0x00000000a6780000, 0x00000000e0000000)
  object space 105984K, 42% used [0x00000000a0000000,0x00000000a2becef8,0x00000000a6780000)
 Metaspace       used 68298K, capacity 71312K, committed 71512K, reserved 1112064K
  class space    used 8987K, capacity 9754K, committed 9856K, reserved 1048576K
Event: 45,235 GC heap after
Heap after GC invocations=16 (full 3):
 PSYoungGen      total 200704K, used 13131K [0x00000000e0000000, 0x00000000efa80000, 0x0000000100000000)
  eden space 175616K, 0% used [0x00000000e0000000,0x00000000e0000000,0x00000000eab80000)
  from space 25088K, 52% used [0x00000000eab80000,0x00000000eb852c40,0x00000000ec400000)
  to   space 24576K, 0% used [0x00000000ee280000,0x00000000ee280000,0x00000000efa80000)
 ParOldGen       total 105984K, used 44987K [0x00000000a0000000, 0x00000000a6780000, 0x00000000e0000000)
  object space 105984K, 42% used [0x00000000a0000000,0x00000000a2beeef8,0x00000000a6780000)
 Metaspace       used 68298K, capacity 71312K, committed 71512K, reserved 1112064K
  class space    used 8987K, capacity 9754K, committed 9856K, reserved 1048576K
}
Event: 47,445 GC heap before
{Heap before GC invocations=17 (full 3):
 PSYoungGen      total 200704K, used 188747K [0x00000000e0000000, 0x00000000efa80000, 0x0000000100000000)
  eden space 175616K, 100% used [0x00000000e0000000,0x00000000eab80000,0x00000000eab80000)
  from space 25088K, 52% used [0x00000000eab80000,0x00000000eb852c40,0x00000000ec400000)
  to   space 24576K, 0% used [0x00000000ee280000,0x00000000ee280000,0x00000000efa80000)
 ParOldGen       total 105984K, used 44987K [0x00000000a0000000, 0x00000000a6780000, 0x00000000e0000000)
  object space 105984K, 42% used [0x00000000a0000000,0x00000000a2beeef8,0x00000000a6780000)
 Metaspace       used 68486K, capacity 71562K, committed 71768K, reserved 1112064K
  class space    used 8997K, capacity 9765K, committed 9856K, reserved 1048576K
Event: 47,510 GC heap after
Heap after GC invocations=17 (full 3):
 PSYoungGen      total 231936K, used 14481K [0x00000000e0000000, 0x00000000efd80000, 0x0000000100000000)
  eden space 207360K, 0% used [0x00000000e0000000,0x00000000e0000000,0x00000000eca80000)
  from space 24576K, 58% used [0x00000000ee280000,0x00000000ef0a4768,0x00000000efa80000)
  to   space 24576K, 0% used [0x00000000eca80000,0x00000000eca80000,0x00000000ee280000)
 ParOldGen       total 105984K, used 44995K [0x00000000a0000000, 0x00000000a6780000, 0x00000000e0000000)
  object space 105984K, 42% used [0x00000000a0000000,0x00000000a2bf0ef8,0x00000000a6780000)
 Metaspace       used 68486K, capacity 71562K, committed 71768K, reserved 1112064K
  class space    used 8997K, capacity 9765K, committed 9856K, reserved 1048576K
}
Event: 3762,538 GC heap before
{Heap before GC invocations=18 (full 3):
 PSYoungGen      total 231936K, used 221820K [0x00000000e0000000, 0x00000000efd80000, 0x0000000100000000)
  eden space 207360K, 99% used [0x00000000e0000000,0x00000000eca7a8a8,0x00000000eca80000)
  from space 24576K, 58% used [0x00000000ee280000,0x00000000ef0a4768,0x00000000efa80000)
  to   space 24576K, 0% used [0x00000000eca80000,0x00000000eca80000,0x00000000ee280000)
 ParOldGen       total 105984K, used 44995K [0x00000000a0000000, 0x00000000a6780000, 0x00000000e0000000)
  object space 105984K, 42% used [0x00000000a0000000,0x00000000a2bf0ef8,0x00000000a6780000)
 Metaspace       used 69444K, capacity 72828K, committed 72920K, reserved 1112064K
  class space    used 9085K, capacity 9940K, committed 9984K, reserved 1048576K
Event: 3762,589 GC heap after
Heap after GC invocations=18 (full 3):
 PSYoungGen      total 231936K, used 10148K [0x00000000e0000000, 0x00000000f1980000, 0x0000000100000000)
  eden space 207360K, 0% used [0x00000000e0000000,0x00000000e0000000,0x00000000eca80000)
  from space 24576K, 41% used [0x00000000eca80000,0x00000000ed469068,0x00000000ee280000)
  to   space 23552K, 0% used [0x00000000f0280000,0x00000000f0280000,0x00000000f1980000)
 ParOldGen       total 105984K, used 45003K [0x00000000a0000000, 0x00000000a6780000, 0x00000000e0000000)
  object space 105984K, 42% used [0x00000000a0000000,0x00000000a2bf2ef8,0x00000000a6780000)
 Metaspace       used 69444K, capacity 72828K, committed 72920K, reserved 1112064K
  class space    used 9085K, capacity 9940K, committed 9984K, reserved 1048576K
}
Event: 3767,812 GC heap before
{Heap before GC invocations=19 (full 3):
 PSYoungGen      total 231936K, used 217482K [0x00000000e0000000, 0x00000000f1980000, 0x0000000100000000)
  eden space 207360K, 99% used [0x00000000e0000000,0x00000000eca79aa8,0x00000000eca80000)
  from space 24576K, 41% used [0x00000000eca80000,0x00000000ed469068,0x00000000ee280000)
  to   space 23552K, 0% used [0x00000000f0280000,0x00000000f0280000,0x00000000f1980000)
 ParOldGen       total 105984K, used 45003K [0x00000000a0000000, 0x00000000a6780000, 0x00000000e0000000)
  object space 105984K, 42% used [0x00000000a0000000,0x00000000a2bf2ef8,0x00000000a6780000)
 Metaspace       used 75393K, capacity 78842K, committed 78936K, reserved 1118208K
  class space    used 9748K, capacity 10605K, committed 10624K, reserved 1048576K
Event: 3767,867 GC heap after
Heap after GC invocations=19 (full 3):
 PSYoungGen      total 262656K, used 19146K [0x00000000e0000000, 0x00000000f1a80000, 0x0000000100000000)
  eden space 239104K, 0% used [0x00000000e0000000,0x00000000e0000000,0x00000000ee980000)
  from space 23552K, 81% used [0x00000000f0280000,0x00000000f1532968,0x00000000f1980000)
  to   space 25088K, 0% used [0x00000000ee980000,0x00000000ee980000,0x00000000f0200000)
 ParOldGen       total 105984K, used 45003K [0x00000000a0000000, 0x00000000a6780000, 0x00000000e0000000)
  object space 105984K, 42% used [0x00000000a0000000,0x00000000a2bf2ef8,0x00000000a6780000)
 Metaspace       used 75393K, capacity 78842K, committed 78936K, reserved 1118208K
  class space    used 9748K, capacity 10605K, committed 10624K, reserved 1048576K
}
Event: 3771,139 GC heap before
{Heap before GC invocations=20 (full 3):
 PSYoungGen      total 262656K, used 257232K [0x00000000e0000000, 0x00000000f1a80000, 0x0000000100000000)
  eden space 239104K, 99% used [0x00000000e0000000,0x00000000ee881910,0x00000000ee980000)
  from space 23552K, 81% used [0x00000000f0280000,0x00000000f1532968,0x00000000f1980000)
  to   space 25088K, 0% used [0x00000000ee980000,0x00000000ee980000,0x00000000f0200000)
 ParOldGen       total 105984K, used 45003K [0x00000000a0000000, 0x00000000a6780000, 0x00000000e0000000)
  object space 105984K, 42% used [0x00000000a0000000,0x00000000a2bf2ef8,0x00000000a6780000)
 Metaspace       used 78995K, capacity 82684K, committed 83032K, reserved 1122304K
  class space    used 10125K, capacity 11020K, committed 11136K, reserved 1048576K

